0 info it worked if it ends with ok
1 verbose cli [ '/usr/local/bin/node',
1 verbose cli   '/usr/local/bin/npm',
1 verbose cli   'run',
1 verbose cli   'knex',
1 verbose cli   'migrate:rollback' ]
2 info using npm@3.10.10
3 info using node@v6.11.2
4 verbose run-script [ 'preknex', 'knex', 'postknex' ]
5 info lifecycle server@1.0.0~preknex: server@1.0.0
6 silly lifecycle server@1.0.0~preknex: no script for preknex, continuing
7 info lifecycle server@1.0.0~knex: server@1.0.0
8 verbose lifecycle server@1.0.0~knex: unsafe-perm in lifecycle true
9 verbose lifecycle server@1.0.0~knex: PATH: /usr/local/lib/node_modules/npm/bin/node-gyp-bin:/Users/bgk/lighthouse/current-crowd/server/node_modules/.bin:/usr/local/opt/imagemagick@6/bin:/Users/bgk/.rvm/gems/ruby-2.3.0/bin:/Users/bgk/.rvm/gems/ruby-2.3.0@global/bin:/Users/bgk/.rvm/rubies/ruby-2.3.0/bin:/usr/local/opt/openssl/bin:/usr/local/bin:/usr/bin:/bin:/usr/sbin:/sbin:/usr/local/go/bin:/Library/Frameworks/Mono.framework/Versions/Current/Commands:/usr/local/opt/imagemagick@6/bin:/Users/bgk/.rvm/gems/ruby-2.3.0/bin:/Users/bgk/.rvm/gems/ruby-2.3.0@global/bin:/Users/bgk/.rvm/rubies/ruby-2.3.0/bin:/usr/local/opt/openssl/bin:/Users/bgk/.rvm/bin
10 verbose lifecycle server@1.0.0~knex: CWD: /Users/bgk/lighthouse/current-crowd/server
11 silly lifecycle server@1.0.0~knex: Args: [ '-c', 'knex "migrate:rollback"' ]
12 silly lifecycle server@1.0.0~knex: Returned: code: 1  signal: null
13 info lifecycle server@1.0.0~knex: Failed to exec knex script
14 verbose stack Error: server@1.0.0 knex: `knex "migrate:rollback"`
14 verbose stack Exit status 1
14 verbose stack     at EventEmitter.<anonymous> (/usr/local/lib/node_modules/npm/lib/utils/lifecycle.js:255:16)
14 verbose stack     at emitTwo (events.js:106:13)
14 verbose stack     at EventEmitter.emit (events.js:191:7)
14 verbose stack     at ChildProcess.<anonymous> (/usr/local/lib/node_modules/npm/lib/utils/spawn.js:40:14)
14 verbose stack     at emitTwo (events.js:106:13)
14 verbose stack     at ChildProcess.emit (events.js:191:7)
14 verbose stack     at maybeClose (internal/child_process.js:891:16)
14 verbose stack     at Process.ChildProcess._handle.onexit (internal/child_process.js:226:5)
15 verbose pkgid server@1.0.0
16 verbose cwd /Users/bgk/lighthouse/current-crowd/server
17 error Darwin 16.7.0
18 error argv "/usr/local/bin/node" "/usr/local/bin/npm" "run" "knex" "migrate:rollback"
19 error node v6.11.2
20 error npm  v3.10.10
21 error code ELIFECYCLE
22 error server@1.0.0 knex: `knex "migrate:rollback"`
22 error Exit status 1
23 error Failed at the server@1.0.0 knex script 'knex "migrate:rollback"'.
23 error Make sure you have the latest version of node.js and npm installed.
23 error If you do, this is most likely a problem with the server package,
23 error not with npm itself.
23 error Tell the author that this fails on your system:
23 error     knex "migrate:rollback"
23 error You can get information on how to open an issue for this project with:
23 error     npm bugs server
23 error Or if that isn't available, you can get their info via:
23 error     npm owner ls server
23 error There is likely additional logging output above.
24 verbose exit [ 1, true ]
